app/build/outputs/logs/manifest-merger-debug-report.txt
-- Merging decision tree log ---
manifest
ADDED from src\main\AndroidManifest.xml:2:1-43:12
INJECTED from src\main\AndroidManifest.xml:2:1-43:12
INJECTED from src\main\AndroidManifest.xml:2:1-43:12
INJECTED from src\main\AndroidManifest.xml:2:1-43:12
INJECTED from src\main\AndroidManifest.xml:2:1-43:12
INJECTED from src\main\AndroidManifest.xml:2:1-43:12
INJECTED from src\main\AndroidManifest.xml:2:1-43:12
	package
		ADDED from src\main\AndroidManifest.xml:3:5-54
		INJECTED from src\main\AndroidManifest.xml
		INJECTED from src\main\AndroidManifest.xml
	android:versionName
		ADDED from src\main\AndroidManifest.xml:5:5-36
		INJECTED from src\main\AndroidManifest.xml
		INJECTED from src\main\AndroidManifest.xml
	xmlns:android
		ADDED from src\main\AndroidManifest.xml:2:11-69
	android:versionCode
		ADDED from src\main\AndroidManifest.xml:4:5-28
		INJECTED from src\main\AndroidManifest.xml
		INJECTED from src\main\AndroidManifest.xml
uses-sdk
ADDED from src\main\AndroidManifest.xml:7:5-9:41
INJECTED from src\main\AndroidManifest.xml:7:5-9:41
INJECTED from src\main\AndroidManifest.xml:7:5-9:41
INJECTED from src\main\AndroidManifest.xml:7:5-9:41
INJECTED from src\main\AndroidManifest.xml:7:5-9:41
	android:targetSdkVersion
		ADDED from src\main\AndroidManifest.xml:9:9-38
		INJECTED from src\main\AndroidManifest.xml
		INJECTED from src\main\AndroidManifest.xml
	android:minSdkVersion
		ADDED from src\main\AndroidManifest.xml:8:9-35
		INJECTED from src\main\AndroidManifest.xml
		INJECTED from src\main\AndroidManifest.xml
uses-permission#android.permission.WRITE_EXTERNAL_STORAGE
ADDED from src\main\AndroidManifest.xml:11:5-81
	android:name
		ADDED from src\main\AndroidManifest.xml:11:22-78
uses-permission#android.permission.BLUETOOTH
ADDED from src\main\AndroidManifest.xml:12:5-68
	android:name
		ADDED from src\main\AndroidManifest.xml:12:22-65
uses-permission#android.permission.BLUETOOTH_ADMIN
ADDED from src\main\AndroidManifest.xml:13:5-74
	android:name
		ADDED from src\main\AndroidManifest.xml:13:22-71
application
ADDED from src\main\AndroidManifest.xml:15:5-42:19
	android:label
		ADDED from src\main\AndroidManifest.xml:18:9-41
	android:icon
		ADDED from src\main\AndroidManifest.xml:17:9-45
	android:allowBackup
		ADDED from src\main\AndroidManifest.xml:16:9-35
	android:theme
		ADDED from src\main\AndroidManifest.xml:19:9-40
activity#com.honeywell.mobility.lineprint.sample.PrintActivity
ADDED from src\main\AndroidManifest.xml:20:9-31:20
	android:label
		ADDED from src\main\AndroidManifest.xml:25:13-45
	android:windowSoftInputMode
		ADDED from src\main\AndroidManifest.xml:23:13-54
	android:exported
		ADDED from src\main\AndroidManifest.xml:21:13-36
	android:configChanges
		ADDED from src\main\AndroidManifest.xml:24:13-59
	android:name
		ADDED from src\main\AndroidManifest.xml:22:13-81
intent-filter#action:name:android.intent.action.MAIN+category:name:android.intent.category.LAUNCHER
ADDED from src\main\AndroidManifest.xml:26:13-30:29
action#android.intent.action.MAIN
ADDED from src\main\AndroidManifest.xml:27:17-69
	android:name
		ADDED from src\main\AndroidManifest.xml:27:25-66
category#android.intent.category.LAUNCHER
ADDED from src\main\AndroidManifest.xml:29:17-77
	android:name
		ADDED from src\main\AndroidManifest.xml:29:27-74
activity#com.honeywell.mobility.lineprint.sample.CaptureSignatureActivity
ADDED from src\main\AndroidManifest.xml:32:9-35:20
	android:label
		ADDED from src\main\AndroidManifest.xml:34:13-69
	android:name
		ADDED from src\main\AndroidManifest.xml:33:13-92
receiver#com.honeywell.mobility.lineprint.sample.PairingRequest
ADDED from src\main\AndroidManifest.xml:36:9-41:20
	android:exported
		ADDED from src\main\AndroidManifest.xml:36:19-42
	android:name
		ADDED from src\main\AndroidManifest.xml:36:43-112
intent-filter#action:name:android.bluetooth.device.action.PAIRING_CANCEL+action:name:android.bluetooth.device.action.PAIRING_REQUEST
ADDED from src\main\AndroidManifest.xml:37:13-40:29
action#android.bluetooth.device.action.PAIRING_REQUEST
ADDED from src\main\AndroidManifest.xml:38:17-90
	android:name
		ADDED from src\main\AndroidManifest.xml:38:25-87
action#android.bluetooth.device.action.PAIRING_CANCEL
ADDED from src\main\AndroidManifest.xml:39:17-89
	android:name
		ADDED from src\main\AndroidManifest.xml:39:25-86